<?xml version="1.0" encoding="UTF-8"?>
<!-- Generated by org.testng.reporters.JUnitReportReporter -->
<testsuite hostname="DESKTOP-I4ODGID" failures="0" tests="2" name="regressiontests.dpNewTest" time="13.545" errors="0" timestamp="2022-02-23T18:25:00 BDT" skipped="0">
  <testcase classname="regressiontests.dpNewTest" name="f" time="6.698"/>
  <system-out/>
  <testcase classname="regressiontests.dpNewTest" name="f" time="6.847"/>
  <system-out/>
</testsuite> <!-- regressiontests.dpNewTest -->
